<?xml version="1.0" encoding="UTF-8"?>
<!-- Generated by org.testng.reporters.JUnitReportReporter -->
<testsuite skipped="0" hostname="DESKTOP-U1PMLAF" name="com.qa.crm.testcases.LoginPageTest" tests="3" failures="0" timestamp="2020-10-09T23:32:15 IST" time="47.976" errors="0">
  <testcase name="loginpageTitleTest" time="11.869" classname="com.qa.crm.testcases.LoginPageTest"/>
  <system-out/>
  <testcase name="crmLogoImageTest" time="12.255" classname="com.qa.crm.testcases.LoginPageTest"/>
  <system-out/>
  <testcase name="loginTest" time="23.852" classname="com.qa.crm.testcases.LoginPageTest"/>
  <system-out/>
</testsuite> <!-- com.qa.crm.testcases.LoginPageTest -->
