<?xml version="1.0" encoding="UTF-8"?>
<!-- Generated by org.testng.reporters.JUnitReportReporter -->
<testsuite skipped="0" hostname="DESKTOP-U1PMLAF" name="com.qa.crm.testcases.HomePageTest" tests="1" failures="0" timestamp="2020-10-10T01:04:00 IST" time="23.020" errors="0">
  <testcase name="verifyUseronHomePage" time="23.020" classname="com.qa.crm.testcases.HomePageTest"/>
  <system-out/>
</testsuite> <!-- com.qa.crm.testcases.HomePageTest -->
