<?xml version="1.0" encoding="UTF-8"?>
<!-- Generated by org.testng.reporters.JUnitReportReporter -->
<testsuite skipped="0" hostname="DESKTOP-U1PMLAF" name="com.qa.crm.testcases.LoginPageTest" tests="3" failures="0" timestamp="2020-10-10T08:20:13 IST" time="55.449" errors="0">
  <testcase name="loginpageTitleTest" time="12.566" classname="com.qa.crm.testcases.LoginPageTest"/>
  <system-out/>
  <testcase name="crmLogoImageTest" time="13.789" classname="com.qa.crm.testcases.LoginPageTest"/>
  <system-out/>
  <testcase name="loginTest" time="29.094" classname="com.qa.crm.testcases.LoginPageTest"/>
  <system-out/>
</testsuite> <!-- com.qa.crm.testcases.LoginPageTest -->
