<?xml version="1.0" encoding="UTF-8"?>
<!-- Generated by org.testng.reporters.JUnitReportReporter -->
<testsuite skipped="0" hostname="DESKTOP-U1PMLAF" name="com.qa.crm.testcases.HomePageTest" tests="2" failures="0" timestamp="2020-10-10T08:20:13 IST" time="56.215" errors="0">
  <testcase name="verifyHomePageTitle" time="28.151" classname="com.qa.crm.testcases.HomePageTest"/>
  <system-out/>
  <testcase name="verifyUseronHomePage" time="28.064" classname="com.qa.crm.testcases.HomePageTest"/>
  <system-out/>
</testsuite> <!-- com.qa.crm.testcases.HomePageTest -->
